<?xml version="1.0" encoding="UTF-8"?>
<!-- Generated by org.testng.reporters.JUnitReportReporter -->
<testsuite hostname="QB-CLT-1378" failures="0" tests="1" name="TestCase" time="11.226" errors="0" timestamp="2023-03-20T13:32:13 IST" skipped="0">
  <testcase classname="TestCase" name="Login_to_the_application_with_valid_credentials" time="11.226"/>
  <system-out/>
</testsuite> <!-- TestCase -->
