<?xml version="1.0" encoding="UTF-8"?>
<!-- Generated by org.testng.reporters.JUnitReportReporter -->
<testsuite hostname="QB-CLT-1378" failures="0" tests="2" name="TestCase" time="21.981" errors="0" timestamp="2023-03-21T14:21:56 IST" skipped="0">
  <testcase classname="TestCase" name="Login_to_the_application_with_invalid_credentials_sauce51" time="11.532"/>
  <system-out/>
  <testcase classname="TestCase" name="Login_to_the_application_with_valid_credentials_sauce50" time="10.449"/>
  <system-out/>
</testsuite> <!-- TestCase -->
